{
  "RSpec": {
    "coverage": {
      "/Users/renato/RailsProjects/Am4zon/app/controllers/home_controller.rb": {
        "lines": [
          1,
          1,
          22,
          null,
          null
        ]
      },
      "/Users/renato/RailsProjects/Am4zon/app/controllers/application_controller.rb": {
        "lines": [
          1,
          null
        ]
      },
      "/Users/renato/RailsProjects/Am4zon/app/models/book.rb": {
        "lines": [
          1,
          1,
          null
        ]
      },
      "/Users/renato/RailsProjects/Am4zon/app/controllers/admins_controller.rb": {
        "lines": [
          1,
          1,
          4,
          null,
          null
        ]
      },
      "/Users/renato/RailsProjects/Am4zon/app/controllers/authors_controller.rb": {
        "lines": [
          1,
          1,
          1,
          null,
          null,
          1,
          1,
          1,
          1,
          1,
          null,
          0,
          null,
          null,
          null
        ]
      },
      "/Users/renato/RailsProjects/Am4zon/app/models/author.rb": {
        "lines": [
          1,
          1,
          null
        ]
      },
      "/Users/renato/RailsProjects/Am4zon/app/controllers/books_controller.rb": {
        "lines": [
          1,
          1,
          2,
          null,
          null,
          1,
          1,
          null,
          null,
          1,
          1,
          null,
          1,
          1,
          1,
          null,
          0,
          null,
          null,
          null
        ]
      },
      "/Users/renato/RailsProjects/Am4zon/app/controllers/users_controller.rb": {
        "lines": [
          1,
          1,
          3,
          null,
          null,
          1,
          1,
          null,
          null,
          1,
          1,
          1,
          null,
          null,
          1,
          null,
          0,
          null,
          null,
          null
        ]
      },
      "/Users/renato/RailsProjects/Am4zon/app/models/admin.rb": {
        "lines": [
          0,
          null,
          null,
          0,
          0,
          null,
          0,
          null,
          0,
          null,
          0,
          0,
          0,
          0,
          0,
          0
        ],
        "branches": {
        }
      },
      "/Users/renato/RailsProjects/Am4zon/app/models/application_record.rb": {
        "lines": [
          0,
          0,
          0
        ],
        "branches": {
        }
      },
      "/Users/renato/RailsProjects/Am4zon/app/models/user.rb": {
        "lines": [
          0,
          null,
          null,
          0,
          0,
          null,
          0,
          0,
          null,
          0,
          null,
          0,
          null,
          0,
          0,
          0,
          0,
          0
        ],
        "branches": {
        }
      }
    },
    "timestamp": 1640057393
  }
}
