{
  "RSpec": {
    "coverage": {
      "/Users/renato/RailsProjects/Am4zon/app/models/user.rb": {
        "lines": [
          1,
          null,
          null,
          1,
          null,
          null,
          1,
          null,
          null,
          1,
          null,
          1,
          null,
          1,
          11,
          11,
          null,
          null
        ]
      },
      "/Users/renato/RailsProjects/Am4zon/app/models/application_record.rb": {
        "lines": [
          1,
          1,
          null
        ]
      },
      "/Users/renato/RailsProjects/Am4zon/app/models/admin.rb": {
        "lines": [
          1,
          null,
          null,
          1,
          null,
          null,
          1,
          null,
          1,
          null,
          1,
          10,
          10,
          10,
          null,
          null
        ]
      },
      "/Users/renato/RailsProjects/Am4zon/app/models/author.rb": {
        "lines": [
          1,
          1,
          null,
          1,
          1,
          null
        ]
      },
      "/Users/renato/RailsProjects/Am4zon/app/models/book.rb": {
        "lines": [
          1,
          1,
          1,
          null,
          1,
          null
        ]
      },
      "/Users/renato/RailsProjects/Am4zon/app/models/genre.rb": {
        "lines": [
          1,
          1,
          null,
          1,
          null
        ]
      },
      "/Users/renato/RailsProjects/Am4zon/app/controllers/home_controller.rb": {
        "lines": [
          1,
          1,
          29,
          null,
          null,
          1,
          3,
          null,
          null,
          null,
          null,
          null,
          null,
          null,
          null,
          null,
          3,
          null,
          null,
          3,
          null,
          null
        ]
      },
      "/Users/renato/RailsProjects/Am4zon/app/controllers/application_controller.rb": {
        "lines": [
          1,
          null
        ]
      },
      "/Users/renato/RailsProjects/Am4zon/app/controllers/admins_controller.rb": {
        "lines": [
          1,
          1,
          9,
          null,
          null
        ]
      },
      "/Users/renato/RailsProjects/Am4zon/app/controllers/authors_controller.rb": {
        "lines": [
          1,
          1,
          2,
          null,
          null,
          1,
          2,
          2,
          1,
          1,
          null,
          1,
          null,
          null,
          null
        ]
      },
      "/Users/renato/RailsProjects/Am4zon/app/controllers/genres_controller.rb": {
        "lines": [
          1,
          1,
          2,
          null,
          null,
          1,
          2,
          2,
          1,
          1,
          null,
          1,
          null,
          null,
          null
        ]
      },
      "/Users/renato/RailsProjects/Am4zon/app/controllers/books_controller.rb": {
        "lines": [
          1,
          1,
          2,
          null,
          null,
          1,
          2,
          null,
          null,
          1,
          2,
          null,
          2,
          1,
          1,
          null,
          1,
          null,
          null,
          null
        ]
      },
      "/Users/renato/RailsProjects/Am4zon/app/controllers/users_controller.rb": {
        "lines": [
          1,
          1,
          3,
          null,
          null,
          1,
          1,
          null,
          null,
          1,
          1,
          1,
          null,
          null,
          1,
          null,
          null
        ]
      }
    },
    "timestamp": 1640122376
  }
}
